2025-01-30 00:52:43 INFO  o.h.v.i.u.Version - HV000001: Hibernate Validator 8.0.2.Final
2025-01-30 00:52:43 INFO  c.c.s.p.r.f.s.SpringBootProductionReadyFeaturesDemoApplicationTests - Starting SpringBootProductionReadyFeaturesDemoApplicationTests using Java 23 with PID 61183 (started by vishalsaxena in /Users/vishalsaxena/Desktop/Vishal/springBootTutorialsProject/springBootProductionReadyFeaturesDemo)
2025-01-30 00:52:43 INFO  c.c.s.p.r.f.s.SpringBootProductionReadyFeaturesDemoApplicationTests - No active profile set, falling back to 1 default profile: "default"
2025-01-30 00:52:43 INFO  o.s.d.r.c.RepositoryConfigurationDelegate - Bootstrapping Spring Data JPA repositories in DEFAULT mode.
2025-01-30 00:52:43 INFO  o.s.d.r.c.RepositoryConfigurationDelegate - Finished Spring Data repository scanning in 27 ms. Found 1 JPA repository interface.
2025-01-30 00:52:44 INFO  o.h.j.i.u.LogHelper - HHH000204: Processing PersistenceUnitInfo [name: default]
2025-01-30 00:52:44 INFO  o.h.Version - HHH000412: Hibernate ORM core version 6.6.4.Final
2025-01-30 00:52:44 INFO  o.h.c.i.RegionFactoryInitiator - HHH000026: Second-level cache disabled
2025-01-30 00:52:44 INFO  o.h.e.b.i.EnversServiceImpl - Envers integration enabled? : true
2025-01-30 00:52:44 INFO  o.s.o.j.p.SpringPersistenceUnitInfo - No LoadTimeWeaver setup: ignoring JPA class transformer
2025-01-30 00:52:44 INFO  c.z.h.HikariDataSource - HikariPool-1 - Starting...
2025-01-30 00:52:44 INFO  c.z.h.p.HikariPool - HikariPool-1 - Added connection org.postgresql.jdbc.PgConnection@402a69f
2025-01-30 00:52:44 INFO  c.z.h.HikariDataSource - HikariPool-1 - Start completed.
2025-01-30 00:52:44 INFO  o.h.o.c.pooling - HHH10001005: Database info:
	Database JDBC URL [Connecting through datasource 'HikariDataSource (HikariPool-1)']
	Database driver: undefined/unknown
	Database version: 14.15
	Autocommit mode: undefined/unknown
	Isolation level: undefined/unknown
	Minimum pool size: undefined/unknown
	Maximum pool size: undefined/unknown
2025-01-30 00:52:44 INFO  o.h.e.c.i.m.AuditMetadataGenerator - Adding properties for entity: com.codingshuttle.springboot.production.ready.features.springBootProductionReadyFeaturesDemo.entities.PostEntity
2025-01-30 00:52:45 INFO  o.h.e.t.j.p.i.JtaPlatformInitiator - HHH000489: No JTA platform available (set 'hibernate.transaction.jta.platform' to enable JTA platform integration)
2025-01-30 00:52:45 INFO  o.s.o.j.LocalContainerEntityManagerFactoryBean - Initialized JPA EntityManagerFactory for persistence unit 'default'
2025-01-30 00:52:45 WARN  o.s.b.a.o.j.JpaBaseConfiguration$JpaWebConfiguration - spring.jpa.open-in-view is enabled by default. Therefore, database queries may be performed during view rendering. Explicitly configure spring.jpa.open-in-view to disable this warning
2025-01-30 00:52:45 INFO  c.c.s.p.r.f.s.SpringBootProductionReadyFeaturesDemoApplicationTests - Started SpringBootProductionReadyFeaturesDemoApplicationTests in 2.377 seconds (process running for 3.03)
2025-01-30 00:52:46 INFO  c.c.s.p.r.f.s.c.i.DeptClientImpl - get all depts
2025-01-30 00:52:46 DEBUG c.c.s.p.r.f.s.c.i.DeptClientImpl - dept succesfully retrieved
2025-01-30 00:52:46 INFO  o.s.o.j.LocalContainerEntityManagerFactoryBean - Closing JPA EntityManagerFactory for persistence unit 'default'
2025-01-30 00:52:46 INFO  c.z.h.HikariDataSource - HikariPool-1 - Shutdown initiated...
2025-01-30 00:52:46 INFO  c.z.h.HikariDataSource - HikariPool-1 - Shutdown completed.
2025-01-30 00:53:25 INFO  o.h.v.i.u.Version - HV000001: Hibernate Validator 8.0.2.Final
2025-01-30 00:53:25 INFO  c.c.s.p.r.f.s.SpringBootProductionReadyFeaturesDemoApplicationTests - Starting SpringBootProductionReadyFeaturesDemoApplicationTests using Java 23 with PID 61210 (started by vishalsaxena in /Users/vishalsaxena/Desktop/Vishal/springBootTutorialsProject/springBootProductionReadyFeaturesDemo)
2025-01-30 00:53:25 INFO  c.c.s.p.r.f.s.SpringBootProductionReadyFeaturesDemoApplicationTests - No active profile set, falling back to 1 default profile: "default"
2025-01-30 00:53:25 INFO  o.s.d.r.c.RepositoryConfigurationDelegate - Bootstrapping Spring Data JPA repositories in DEFAULT mode.
2025-01-30 00:53:25 INFO  o.s.d.r.c.RepositoryConfigurationDelegate - Finished Spring Data repository scanning in 23 ms. Found 1 JPA repository interface.
2025-01-30 00:53:25 INFO  o.h.j.i.u.LogHelper - HHH000204: Processing PersistenceUnitInfo [name: default]
2025-01-30 00:53:25 INFO  o.h.Version - HHH000412: Hibernate ORM core version 6.6.4.Final
2025-01-30 00:53:25 INFO  o.h.c.i.RegionFactoryInitiator - HHH000026: Second-level cache disabled
2025-01-30 00:53:25 INFO  o.h.e.b.i.EnversServiceImpl - Envers integration enabled? : true
2025-01-30 00:53:26 INFO  o.s.o.j.p.SpringPersistenceUnitInfo - No LoadTimeWeaver setup: ignoring JPA class transformer
2025-01-30 00:53:26 INFO  c.z.h.HikariDataSource - HikariPool-1 - Starting...
2025-01-30 00:53:26 INFO  c.z.h.p.HikariPool - HikariPool-1 - Added connection org.postgresql.jdbc.PgConnection@1bbb42b4
2025-01-30 00:53:26 INFO  c.z.h.HikariDataSource - HikariPool-1 - Start completed.
2025-01-30 00:53:26 INFO  o.h.o.c.pooling - HHH10001005: Database info:
	Database JDBC URL [Connecting through datasource 'HikariDataSource (HikariPool-1)']
	Database driver: undefined/unknown
	Database version: 14.15
	Autocommit mode: undefined/unknown
	Isolation level: undefined/unknown
	Minimum pool size: undefined/unknown
	Maximum pool size: undefined/unknown
2025-01-30 00:53:26 INFO  o.h.e.c.i.m.AuditMetadataGenerator - Adding properties for entity: com.codingshuttle.springboot.production.ready.features.springBootProductionReadyFeaturesDemo.entities.PostEntity
2025-01-30 00:53:26 INFO  o.h.e.t.j.p.i.JtaPlatformInitiator - HHH000489: No JTA platform available (set 'hibernate.transaction.jta.platform' to enable JTA platform integration)
2025-01-30 00:53:26 INFO  o.s.o.j.LocalContainerEntityManagerFactoryBean - Initialized JPA EntityManagerFactory for persistence unit 'default'
2025-01-30 00:53:27 WARN  o.s.b.a.o.j.JpaBaseConfiguration$JpaWebConfiguration - spring.jpa.open-in-view is enabled by default. Therefore, database queries may be performed during view rendering. Explicitly configure spring.jpa.open-in-view to disable this warning
2025-01-30 00:53:27 INFO  c.c.s.p.r.f.s.SpringBootProductionReadyFeaturesDemoApplicationTests - Started SpringBootProductionReadyFeaturesDemoApplicationTests in 2.229 seconds (process running for 2.842)
2025-01-30 00:53:27 INFO  c.c.s.p.r.f.s.c.i.DeptClientImpl - get all depts
2025-01-30 00:53:27 DEBUG c.c.s.p.r.f.s.c.i.DeptClientImpl - dept succesfully retrieved
2025-01-30 00:53:27 INFO  o.s.o.j.LocalContainerEntityManagerFactoryBean - Closing JPA EntityManagerFactory for persistence unit 'default'
2025-01-30 00:53:27 INFO  c.z.h.HikariDataSource - HikariPool-1 - Shutdown initiated...
2025-01-30 00:53:27 INFO  c.z.h.HikariDataSource - HikariPool-1 - Shutdown completed.
2025-01-30 00:55:54 INFO  o.h.v.i.u.Version - HV000001: Hibernate Validator 8.0.2.Final
2025-01-30 00:55:54 INFO  c.c.s.p.r.f.s.SpringBootProductionReadyFeaturesDemoApplicationTests - Starting SpringBootProductionReadyFeaturesDemoApplicationTests using Java 23 with PID 61304 (started by vishalsaxena in /Users/vishalsaxena/Desktop/Vishal/springBootTutorialsProject/springBootProductionReadyFeaturesDemo)
2025-01-30 00:55:54 INFO  c.c.s.p.r.f.s.SpringBootProductionReadyFeaturesDemoApplicationTests - No active profile set, falling back to 1 default profile: "default"
2025-01-30 00:55:55 INFO  o.s.d.r.c.RepositoryConfigurationDelegate - Bootstrapping Spring Data JPA repositories in DEFAULT mode.
2025-01-30 00:55:55 INFO  o.s.d.r.c.RepositoryConfigurationDelegate - Finished Spring Data repository scanning in 24 ms. Found 1 JPA repository interface.
2025-01-30 00:55:55 INFO  o.h.j.i.u.LogHelper - HHH000204: Processing PersistenceUnitInfo [name: default]
2025-01-30 00:55:55 INFO  o.h.Version - HHH000412: Hibernate ORM core version 6.6.4.Final
2025-01-30 00:55:55 INFO  o.h.c.i.RegionFactoryInitiator - HHH000026: Second-level cache disabled
2025-01-30 00:55:55 INFO  o.h.e.b.i.EnversServiceImpl - Envers integration enabled? : true
2025-01-30 00:55:55 INFO  o.s.o.j.p.SpringPersistenceUnitInfo - No LoadTimeWeaver setup: ignoring JPA class transformer
2025-01-30 00:55:55 INFO  c.z.h.HikariDataSource - HikariPool-1 - Starting...
2025-01-30 00:55:55 INFO  c.z.h.p.HikariPool - HikariPool-1 - Added connection org.postgresql.jdbc.PgConnection@722b3ba2
2025-01-30 00:55:55 INFO  c.z.h.HikariDataSource - HikariPool-1 - Start completed.
2025-01-30 00:55:55 INFO  o.h.o.c.pooling - HHH10001005: Database info:
	Database JDBC URL [Connecting through datasource 'HikariDataSource (HikariPool-1)']
	Database driver: undefined/unknown
	Database version: 14.15
	Autocommit mode: undefined/unknown
	Isolation level: undefined/unknown
	Minimum pool size: undefined/unknown
	Maximum pool size: undefined/unknown
2025-01-30 00:55:55 INFO  o.h.e.c.i.m.AuditMetadataGenerator - Adding properties for entity: com.codingshuttle.springboot.production.ready.features.springBootProductionReadyFeaturesDemo.entities.PostEntity
2025-01-30 00:55:56 INFO  o.h.e.t.j.p.i.JtaPlatformInitiator - HHH000489: No JTA platform available (set 'hibernate.transaction.jta.platform' to enable JTA platform integration)
2025-01-30 00:55:56 INFO  o.s.o.j.LocalContainerEntityManagerFactoryBean - Initialized JPA EntityManagerFactory for persistence unit 'default'
2025-01-30 00:55:56 WARN  o.s.b.a.o.j.JpaBaseConfiguration$JpaWebConfiguration - spring.jpa.open-in-view is enabled by default. Therefore, database queries may be performed during view rendering. Explicitly configure spring.jpa.open-in-view to disable this warning
2025-01-30 00:55:57 INFO  o.s.b.a.e.w.EndpointLinksResolver - Exposing 1 endpoint beneath base path '/actuator'
2025-01-30 00:55:57 INFO  c.c.s.p.r.f.s.SpringBootProductionReadyFeaturesDemoApplicationTests - Started SpringBootProductionReadyFeaturesDemoApplicationTests in 2.877 seconds (process running for 3.485)
2025-01-30 00:55:57 INFO  c.c.s.p.r.f.s.c.i.DeptClientImpl - get all depts
2025-01-30 00:55:57 DEBUG c.c.s.p.r.f.s.c.i.DeptClientImpl - dept succesfully retrieved
2025-01-30 00:55:57 INFO  o.s.o.j.LocalContainerEntityManagerFactoryBean - Closing JPA EntityManagerFactory for persistence unit 'default'
2025-01-30 00:55:57 INFO  c.z.h.HikariDataSource - HikariPool-1 - Shutdown initiated...
2025-01-30 00:55:57 INFO  c.z.h.HikariDataSource - HikariPool-1 - Shutdown completed.
2025-01-30 00:56:13 INFO  o.h.v.i.u.Version - HV000001: Hibernate Validator 8.0.2.Final
2025-01-30 00:56:13 INFO  c.c.s.p.r.f.s.SpringBootProductionReadyFeaturesDemoApplicationTests - Starting SpringBootProductionReadyFeaturesDemoApplicationTests using Java 23 with PID 61324 (started by vishalsaxena in /Users/vishalsaxena/Desktop/Vishal/springBootTutorialsProject/springBootProductionReadyFeaturesDemo)
2025-01-30 00:56:13 INFO  c.c.s.p.r.f.s.SpringBootProductionReadyFeaturesDemoApplicationTests - No active profile set, falling back to 1 default profile: "default"
2025-01-30 00:56:14 INFO  o.s.d.r.c.RepositoryConfigurationDelegate - Bootstrapping Spring Data JPA repositories in DEFAULT mode.
2025-01-30 00:56:14 INFO  o.s.d.r.c.RepositoryConfigurationDelegate - Finished Spring Data repository scanning in 21 ms. Found 1 JPA repository interface.
2025-01-30 00:56:14 INFO  o.h.j.i.u.LogHelper - HHH000204: Processing PersistenceUnitInfo [name: default]
2025-01-30 00:56:14 INFO  o.h.Version - HHH000412: Hibernate ORM core version 6.6.4.Final
2025-01-30 00:56:14 INFO  o.h.c.i.RegionFactoryInitiator - HHH000026: Second-level cache disabled
2025-01-30 00:56:14 INFO  o.h.e.b.i.EnversServiceImpl - Envers integration enabled? : true
2025-01-30 00:56:14 INFO  o.s.o.j.p.SpringPersistenceUnitInfo - No LoadTimeWeaver setup: ignoring JPA class transformer
2025-01-30 00:56:15 INFO  c.z.h.HikariDataSource - HikariPool-1 - Starting...
2025-01-30 00:56:15 INFO  c.z.h.p.HikariPool - HikariPool-1 - Added connection org.postgresql.jdbc.PgConnection@2fafa7b5
2025-01-30 00:56:15 INFO  c.z.h.HikariDataSource - HikariPool-1 - Start completed.
2025-01-30 00:56:15 INFO  o.h.o.c.pooling - HHH10001005: Database info:
	Database JDBC URL [Connecting through datasource 'HikariDataSource (HikariPool-1)']
	Database driver: undefined/unknown
	Database version: 14.15
	Autocommit mode: undefined/unknown
	Isolation level: undefined/unknown
	Minimum pool size: undefined/unknown
	Maximum pool size: undefined/unknown
2025-01-30 00:56:15 INFO  o.h.e.c.i.m.AuditMetadataGenerator - Adding properties for entity: com.codingshuttle.springboot.production.ready.features.springBootProductionReadyFeaturesDemo.entities.PostEntity
2025-01-30 00:56:15 INFO  o.h.e.t.j.p.i.JtaPlatformInitiator - HHH000489: No JTA platform available (set 'hibernate.transaction.jta.platform' to enable JTA platform integration)
2025-01-30 00:56:15 INFO  o.s.o.j.LocalContainerEntityManagerFactoryBean - Initialized JPA EntityManagerFactory for persistence unit 'default'
2025-01-30 00:56:16 WARN  o.s.b.a.o.j.JpaBaseConfiguration$JpaWebConfiguration - spring.jpa.open-in-view is enabled by default. Therefore, database queries may be performed during view rendering. Explicitly configure spring.jpa.open-in-view to disable this warning
2025-01-30 00:56:16 INFO  o.s.b.a.e.w.EndpointLinksResolver - Exposing 1 endpoint beneath base path '/actuator'
2025-01-30 00:56:16 INFO  c.c.s.p.r.f.s.SpringBootProductionReadyFeaturesDemoApplicationTests - Started SpringBootProductionReadyFeaturesDemoApplicationTests in 2.833 seconds (process running for 3.51)
2025-01-30 00:56:16 INFO  c.c.s.p.r.f.s.c.i.DeptClientImpl - get all depts
2025-01-30 00:56:17 DEBUG c.c.s.p.r.f.s.c.i.DeptClientImpl - dept succesfully retrieved
2025-01-30 00:56:17 INFO  o.s.o.j.LocalContainerEntityManagerFactoryBean - Closing JPA EntityManagerFactory for persistence unit 'default'
2025-01-30 00:56:17 INFO  c.z.h.HikariDataSource - HikariPool-1 - Shutdown initiated...
2025-01-30 00:56:17 INFO  c.z.h.HikariDataSource - HikariPool-1 - Shutdown completed.
2025-01-30 00:56:27 INFO  o.h.v.i.u.Version - HV000001: Hibernate Validator 8.0.2.Final
2025-01-30 00:56:27 INFO  c.c.s.p.r.f.s.SpringBootProductionReadyFeaturesDemoApplication - Starting SpringBootProductionReadyFeaturesDemoApplication using Java 23 with PID 61351 (/Users/vishalsaxena/Desktop/Vishal/springBootTutorialsProject/springBootProductionReadyFeaturesDemo/target/classes started by vishalsaxena in /Users/vishalsaxena/Desktop/Vishal/springBootTutorialsProject/springBootProductionReadyFeaturesDemo)
2025-01-30 00:56:27 INFO  c.c.s.p.r.f.s.SpringBootProductionReadyFeaturesDemoApplication - No active profile set, falling back to 1 default profile: "default"
2025-01-30 00:56:27 INFO  o.s.b.d.e.DevToolsPropertyDefaultsPostProcessor - Devtools property defaults active! Set 'spring.devtools.add-properties' to 'false' to disable
2025-01-30 00:56:27 INFO  o.s.b.d.e.DevToolsPropertyDefaultsPostProcessor - For additional web related logging consider setting the 'logging.level.web' property to 'DEBUG'
2025-01-30 00:56:28 INFO  o.s.d.r.c.RepositoryConfigurationDelegate - Bootstrapping Spring Data JPA repositories in DEFAULT mode.
2025-01-30 00:56:28 INFO  o.s.d.r.c.RepositoryConfigurationDelegate - Finished Spring Data repository scanning in 22 ms. Found 1 JPA repository interface.
2025-01-30 00:56:28 INFO  o.s.b.w.e.t.TomcatWebServer - Tomcat initialized with port 8080 (http)
2025-01-30 00:56:28 INFO  o.a.c.h.Http11NioProtocol - Initializing ProtocolHandler ["http-nio-8080"]
2025-01-30 00:56:28 INFO  o.a.c.c.StandardService - Starting service [Tomcat]
2025-01-30 00:56:28 INFO  o.a.c.c.StandardEngine - Starting Servlet engine: [Apache Tomcat/10.1.34]
2025-01-30 00:56:28 INFO  o.a.c.c.C.[.[.[/] - Initializing Spring embedded WebApplicationContext
2025-01-30 00:56:28 INFO  o.s.b.w.s.c.ServletWebServerApplicationContext - Root WebApplicationContext: initialization completed in 909 ms
2025-01-30 00:56:28 INFO  o.h.j.i.u.LogHelper - HHH000204: Processing PersistenceUnitInfo [name: default]
2025-01-30 00:56:28 INFO  o.h.Version - HHH000412: Hibernate ORM core version 6.6.4.Final
2025-01-30 00:56:28 INFO  o.h.c.i.RegionFactoryInitiator - HHH000026: Second-level cache disabled
2025-01-30 00:56:29 INFO  o.h.e.b.i.EnversServiceImpl - Envers integration enabled? : true
2025-01-30 00:56:29 INFO  o.s.o.j.p.SpringPersistenceUnitInfo - No LoadTimeWeaver setup: ignoring JPA class transformer
2025-01-30 00:56:29 INFO  c.z.h.HikariDataSource - HikariPool-1 - Starting...
2025-01-30 00:56:29 INFO  c.z.h.p.HikariPool - HikariPool-1 - Added connection org.postgresql.jdbc.PgConnection@3f8ecf0e
2025-01-30 00:56:29 INFO  c.z.h.HikariDataSource - HikariPool-1 - Start completed.
2025-01-30 00:56:29 INFO  o.h.o.c.pooling - HHH10001005: Database info:
	Database JDBC URL [Connecting through datasource 'HikariDataSource (HikariPool-1)']
	Database driver: undefined/unknown
	Database version: 14.15
	Autocommit mode: undefined/unknown
	Isolation level: undefined/unknown
	Minimum pool size: undefined/unknown
	Maximum pool size: undefined/unknown
2025-01-30 00:56:29 INFO  o.h.e.c.i.m.AuditMetadataGenerator - Adding properties for entity: com.codingshuttle.springboot.production.ready.features.springBootProductionReadyFeaturesDemo.entities.PostEntity
2025-01-30 00:56:29 INFO  o.h.e.t.j.p.i.JtaPlatformInitiator - HHH000489: No JTA platform available (set 'hibernate.transaction.jta.platform' to enable JTA platform integration)
2025-01-30 00:56:29 INFO  o.s.o.j.LocalContainerEntityManagerFactoryBean - Initialized JPA EntityManagerFactory for persistence unit 'default'
2025-01-30 00:56:30 WARN  o.s.b.a.o.j.JpaBaseConfiguration$JpaWebConfiguration - spring.jpa.open-in-view is enabled by default. Therefore, database queries may be performed during view rendering. Explicitly configure spring.jpa.open-in-view to disable this warning
2025-01-30 00:56:30 INFO  o.s.b.d.a.OptionalLiveReloadServer - LiveReload server is running on port 35729
2025-01-30 00:56:30 INFO  o.s.b.a.e.w.EndpointLinksResolver - Exposing 1 endpoint beneath base path '/actuator'
2025-01-30 00:56:30 INFO  o.a.c.h.Http11NioProtocol - Starting ProtocolHandler ["http-nio-8080"]
2025-01-30 00:56:30 INFO  o.s.b.w.e.t.TomcatWebServer - Tomcat started on port 8080 (http) with context path '/'
2025-01-30 00:56:30 INFO  c.c.s.p.r.f.s.SpringBootProductionReadyFeaturesDemoApplication - Started SpringBootProductionReadyFeaturesDemoApplication in 3.013 seconds (process running for 3.313)
2025-01-30 00:56:44 INFO  o.a.c.c.C.[.[.[/] - Initializing Spring DispatcherServlet 'dispatcherServlet'
2025-01-30 00:56:44 INFO  o.s.w.s.DispatcherServlet - Initializing Servlet 'dispatcherServlet'
2025-01-30 00:56:44 INFO  o.s.w.s.DispatcherServlet - Completed initialization in 3 ms
2025-01-30 01:00:44 INFO  o.s.b.w.e.t.GracefulShutdown - Commencing graceful shutdown. Waiting for active requests to complete
2025-01-30 01:00:44 INFO  o.s.b.w.e.t.GracefulShutdown - Graceful shutdown complete
2025-01-30 01:00:44 INFO  o.s.o.j.LocalContainerEntityManagerFactoryBean - Closing JPA EntityManagerFactory for persistence unit 'default'
2025-01-30 01:00:44 INFO  c.z.h.HikariDataSource - HikariPool-1 - Shutdown initiated...
2025-01-30 01:00:44 INFO  c.z.h.HikariDataSource - HikariPool-1 - Shutdown completed.
2025-01-30 01:00:57 INFO  o.h.v.i.u.Version - HV000001: Hibernate Validator 8.0.2.Final
2025-01-30 01:00:57 INFO  c.c.s.p.r.f.s.SpringBootProductionReadyFeaturesDemoApplicationTests - Starting SpringBootProductionReadyFeaturesDemoApplicationTests using Java 23 with PID 61467 (started by vishalsaxena in /Users/vishalsaxena/Desktop/Vishal/springBootTutorialsProject/springBootProductionReadyFeaturesDemo)
2025-01-30 01:00:57 INFO  c.c.s.p.r.f.s.SpringBootProductionReadyFeaturesDemoApplicationTests - No active profile set, falling back to 1 default profile: "default"
2025-01-30 01:00:57 INFO  o.s.d.r.c.RepositoryConfigurationDelegate - Bootstrapping Spring Data JPA repositories in DEFAULT mode.
2025-01-30 01:00:58 INFO  o.s.d.r.c.RepositoryConfigurationDelegate - Finished Spring Data repository scanning in 22 ms. Found 1 JPA repository interface.
2025-01-30 01:00:58 INFO  o.h.j.i.u.LogHelper - HHH000204: Processing PersistenceUnitInfo [name: default]
2025-01-30 01:00:58 INFO  o.h.Version - HHH000412: Hibernate ORM core version 6.6.4.Final
2025-01-30 01:00:58 INFO  o.h.c.i.RegionFactoryInitiator - HHH000026: Second-level cache disabled
2025-01-30 01:00:58 INFO  o.h.e.b.i.EnversServiceImpl - Envers integration enabled? : true
2025-01-30 01:00:58 INFO  o.s.o.j.p.SpringPersistenceUnitInfo - No LoadTimeWeaver setup: ignoring JPA class transformer
2025-01-30 01:00:58 INFO  c.z.h.HikariDataSource - HikariPool-1 - Starting...
2025-01-30 01:00:58 INFO  c.z.h.p.HikariPool - HikariPool-1 - Added connection org.postgresql.jdbc.PgConnection@49f50c8f
2025-01-30 01:00:58 INFO  c.z.h.HikariDataSource - HikariPool-1 - Start completed.
2025-01-30 01:00:58 INFO  o.h.o.c.pooling - HHH10001005: Database info:
	Database JDBC URL [Connecting through datasource 'HikariDataSource (HikariPool-1)']
	Database driver: undefined/unknown
	Database version: 14.15
	Autocommit mode: undefined/unknown
	Isolation level: undefined/unknown
	Minimum pool size: undefined/unknown
	Maximum pool size: undefined/unknown
2025-01-30 01:00:59 INFO  o.h.e.c.i.m.AuditMetadataGenerator - Adding properties for entity: com.codingshuttle.springboot.production.ready.features.springBootProductionReadyFeaturesDemo.entities.PostEntity
2025-01-30 01:00:59 INFO  o.h.e.t.j.p.i.JtaPlatformInitiator - HHH000489: No JTA platform available (set 'hibernate.transaction.jta.platform' to enable JTA platform integration)
2025-01-30 01:00:59 INFO  o.s.o.j.LocalContainerEntityManagerFactoryBean - Initialized JPA EntityManagerFactory for persistence unit 'default'
2025-01-30 01:00:59 WARN  o.s.b.a.o.j.JpaBaseConfiguration$JpaWebConfiguration - spring.jpa.open-in-view is enabled by default. Therefore, database queries may be performed during view rendering. Explicitly configure spring.jpa.open-in-view to disable this warning
2025-01-30 01:01:00 INFO  o.s.b.a.e.w.EndpointLinksResolver - Exposing 1 endpoint beneath base path '/actuator'
2025-01-30 01:01:00 INFO  c.c.s.p.r.f.s.SpringBootProductionReadyFeaturesDemoApplicationTests - Started SpringBootProductionReadyFeaturesDemoApplicationTests in 3.195 seconds (process running for 3.729)
2025-01-30 01:01:01 INFO  c.c.s.p.r.f.s.c.i.DeptClientImpl - get all depts
2025-01-30 01:01:01 DEBUG c.c.s.p.r.f.s.c.i.DeptClientImpl - dept succesfully retrieved
2025-01-30 01:01:01 INFO  o.s.o.j.LocalContainerEntityManagerFactoryBean - Closing JPA EntityManagerFactory for persistence unit 'default'
2025-01-30 01:01:01 INFO  c.z.h.HikariDataSource - HikariPool-1 - Shutdown initiated...
2025-01-30 01:01:01 INFO  c.z.h.HikariDataSource - HikariPool-1 - Shutdown completed.
2025-01-30 01:01:47 INFO  o.h.v.i.u.Version - HV000001: Hibernate Validator 8.0.2.Final
2025-01-30 01:01:47 INFO  c.c.s.p.r.f.s.SpringBootProductionReadyFeaturesDemoApplication - Starting SpringBootProductionReadyFeaturesDemoApplication using Java 23 with PID 61513 (/Users/vishalsaxena/Desktop/Vishal/springBootTutorialsProject/springBootProductionReadyFeaturesDemo/target/classes started by vishalsaxena in /Users/vishalsaxena/Desktop/Vishal/springBootTutorialsProject/springBootProductionReadyFeaturesDemo)
2025-01-30 01:01:47 INFO  c.c.s.p.r.f.s.SpringBootProductionReadyFeaturesDemoApplication - No active profile set, falling back to 1 default profile: "default"
2025-01-30 01:01:47 INFO  o.s.b.d.e.DevToolsPropertyDefaultsPostProcessor - Devtools property defaults active! Set 'spring.devtools.add-properties' to 'false' to disable
2025-01-30 01:01:47 INFO  o.s.b.d.e.DevToolsPropertyDefaultsPostProcessor - For additional web related logging consider setting the 'logging.level.web' property to 'DEBUG'
2025-01-30 01:01:47 INFO  o.s.d.r.c.RepositoryConfigurationDelegate - Bootstrapping Spring Data JPA repositories in DEFAULT mode.
2025-01-30 01:01:47 INFO  o.s.d.r.c.RepositoryConfigurationDelegate - Finished Spring Data repository scanning in 22 ms. Found 1 JPA repository interface.
2025-01-30 01:01:48 INFO  o.s.b.w.e.t.TomcatWebServer - Tomcat initialized with port 8080 (http)
2025-01-30 01:01:48 INFO  o.a.c.h.Http11NioProtocol - Initializing ProtocolHandler ["http-nio-8080"]
2025-01-30 01:01:48 INFO  o.a.c.c.StandardService - Starting service [Tomcat]
2025-01-30 01:01:48 INFO  o.a.c.c.StandardEngine - Starting Servlet engine: [Apache Tomcat/10.1.34]
2025-01-30 01:01:48 INFO  o.a.c.c.C.[.[.[/] - Initializing Spring embedded WebApplicationContext
2025-01-30 01:01:48 INFO  o.s.b.w.s.c.ServletWebServerApplicationContext - Root WebApplicationContext: initialization completed in 881 ms
2025-01-30 01:01:48 INFO  o.h.j.i.u.LogHelper - HHH000204: Processing PersistenceUnitInfo [name: default]
2025-01-30 01:01:48 INFO  o.h.Version - HHH000412: Hibernate ORM core version 6.6.4.Final
2025-01-30 01:01:48 INFO  o.h.c.i.RegionFactoryInitiator - HHH000026: Second-level cache disabled
2025-01-30 01:01:48 INFO  o.h.e.b.i.EnversServiceImpl - Envers integration enabled? : true
2025-01-30 01:01:48 INFO  o.s.o.j.p.SpringPersistenceUnitInfo - No LoadTimeWeaver setup: ignoring JPA class transformer
2025-01-30 01:01:48 INFO  c.z.h.HikariDataSource - HikariPool-1 - Starting...
2025-01-30 01:01:48 INFO  c.z.h.p.HikariPool - HikariPool-1 - Added connection org.postgresql.jdbc.PgConnection@285d4c7a
2025-01-30 01:01:48 INFO  c.z.h.HikariDataSource - HikariPool-1 - Start completed.
2025-01-30 01:01:48 INFO  o.h.o.c.pooling - HHH10001005: Database info:
	Database JDBC URL [Connecting through datasource 'HikariDataSource (HikariPool-1)']
	Database driver: undefined/unknown
	Database version: 14.15
	Autocommit mode: undefined/unknown
	Isolation level: undefined/unknown
	Minimum pool size: undefined/unknown
	Maximum pool size: undefined/unknown
2025-01-30 01:01:48 INFO  o.h.e.c.i.m.AuditMetadataGenerator - Adding properties for entity: com.codingshuttle.springboot.production.ready.features.springBootProductionReadyFeaturesDemo.entities.PostEntity
2025-01-30 01:01:49 INFO  o.h.e.t.j.p.i.JtaPlatformInitiator - HHH000489: No JTA platform available (set 'hibernate.transaction.jta.platform' to enable JTA platform integration)
2025-01-30 01:01:49 INFO  o.s.o.j.LocalContainerEntityManagerFactoryBean - Initialized JPA EntityManagerFactory for persistence unit 'default'
2025-01-30 01:01:49 WARN  o.s.b.a.o.j.JpaBaseConfiguration$JpaWebConfiguration - spring.jpa.open-in-view is enabled by default. Therefore, database queries may be performed during view rendering. Explicitly configure spring.jpa.open-in-view to disable this warning
2025-01-30 01:01:50 INFO  o.s.b.d.a.OptionalLiveReloadServer - LiveReload server is running on port 35729
2025-01-30 01:01:50 INFO  o.s.b.a.e.w.EndpointLinksResolver - Exposing 1 endpoint beneath base path '/actuator'
2025-01-30 01:01:50 INFO  o.a.c.h.Http11NioProtocol - Starting ProtocolHandler ["http-nio-8080"]
2025-01-30 01:01:50 INFO  o.s.b.w.e.t.TomcatWebServer - Tomcat started on port 8080 (http) with context path '/'
2025-01-30 01:01:50 INFO  c.c.s.p.r.f.s.SpringBootProductionReadyFeaturesDemoApplication - Started SpringBootProductionReadyFeaturesDemoApplication in 2.884 seconds (process running for 3.169)
2025-01-30 01:01:55 INFO  o.a.c.c.C.[.[.[/] - Initializing Spring DispatcherServlet 'dispatcherServlet'
2025-01-30 01:01:55 INFO  o.s.w.s.DispatcherServlet - Initializing Servlet 'dispatcherServlet'
2025-01-30 01:01:55 INFO  o.s.w.s.DispatcherServlet - Completed initialization in 2 ms
2025-01-30 01:03:09 INFO  o.s.b.w.e.t.GracefulShutdown - Commencing graceful shutdown. Waiting for active requests to complete
2025-01-30 01:03:09 INFO  o.s.b.w.e.t.GracefulShutdown - Graceful shutdown complete
2025-01-30 01:03:09 INFO  o.s.o.j.LocalContainerEntityManagerFactoryBean - Closing JPA EntityManagerFactory for persistence unit 'default'
2025-01-30 01:03:09 INFO  c.z.h.HikariDataSource - HikariPool-1 - Shutdown initiated...
2025-01-30 01:03:09 INFO  c.z.h.HikariDataSource - HikariPool-1 - Shutdown completed.
2025-01-30 01:03:16 INFO  o.h.v.i.u.Version - HV000001: Hibernate Validator 8.0.2.Final
2025-01-30 01:03:16 INFO  c.c.s.p.r.f.s.SpringBootProductionReadyFeaturesDemoApplication - Starting SpringBootProductionReadyFeaturesDemoApplication using Java 23 with PID 61558 (/Users/vishalsaxena/Desktop/Vishal/springBootTutorialsProject/springBootProductionReadyFeaturesDemo/target/classes started by vishalsaxena in /Users/vishalsaxena/Desktop/Vishal/springBootTutorialsProject/springBootProductionReadyFeaturesDemo)
2025-01-30 01:03:16 INFO  c.c.s.p.r.f.s.SpringBootProductionReadyFeaturesDemoApplication - No active profile set, falling back to 1 default profile: "default"
2025-01-30 01:03:16 INFO  o.s.b.d.e.DevToolsPropertyDefaultsPostProcessor - Devtools property defaults active! Set 'spring.devtools.add-properties' to 'false' to disable
2025-01-30 01:03:16 INFO  o.s.b.d.e.DevToolsPropertyDefaultsPostProcessor - For additional web related logging consider setting the 'logging.level.web' property to 'DEBUG'
2025-01-30 01:03:17 INFO  o.s.d.r.c.RepositoryConfigurationDelegate - Bootstrapping Spring Data JPA repositories in DEFAULT mode.
2025-01-30 01:03:17 INFO  o.s.d.r.c.RepositoryConfigurationDelegate - Finished Spring Data repository scanning in 22 ms. Found 1 JPA repository interface.
2025-01-30 01:03:17 INFO  o.s.b.w.e.t.TomcatWebServer - Tomcat initialized with port 8080 (http)
2025-01-30 01:03:17 INFO  o.a.c.h.Http11NioProtocol - Initializing ProtocolHandler ["http-nio-8080"]
2025-01-30 01:03:17 INFO  o.a.c.c.StandardService - Starting service [Tomcat]
2025-01-30 01:03:17 INFO  o.a.c.c.StandardEngine - Starting Servlet engine: [Apache Tomcat/10.1.34]
2025-01-30 01:03:17 INFO  o.a.c.c.C.[.[.[/] - Initializing Spring embedded WebApplicationContext
2025-01-30 01:03:17 INFO  o.s.b.w.s.c.ServletWebServerApplicationContext - Root WebApplicationContext: initialization completed in 869 ms
2025-01-30 01:03:17 INFO  o.h.j.i.u.LogHelper - HHH000204: Processing PersistenceUnitInfo [name: default]
2025-01-30 01:03:17 INFO  o.h.Version - HHH000412: Hibernate ORM core version 6.6.4.Final
2025-01-30 01:03:17 INFO  o.h.c.i.RegionFactoryInitiator - HHH000026: Second-level cache disabled
2025-01-30 01:03:17 INFO  o.h.e.b.i.EnversServiceImpl - Envers integration enabled? : true
2025-01-30 01:03:18 INFO  o.s.o.j.p.SpringPersistenceUnitInfo - No LoadTimeWeaver setup: ignoring JPA class transformer
2025-01-30 01:03:18 INFO  c.z.h.HikariDataSource - HikariPool-1 - Starting...
2025-01-30 01:03:18 INFO  c.z.h.p.HikariPool - HikariPool-1 - Added connection org.postgresql.jdbc.PgConnection@7508ea86
2025-01-30 01:03:18 INFO  c.z.h.HikariDataSource - HikariPool-1 - Start completed.
2025-01-30 01:03:18 INFO  o.h.o.c.pooling - HHH10001005: Database info:
	Database JDBC URL [Connecting through datasource 'HikariDataSource (HikariPool-1)']
	Database driver: undefined/unknown
	Database version: 14.15
	Autocommit mode: undefined/unknown
	Isolation level: undefined/unknown
	Minimum pool size: undefined/unknown
	Maximum pool size: undefined/unknown
2025-01-30 01:03:18 INFO  o.h.e.c.i.m.AuditMetadataGenerator - Adding properties for entity: com.codingshuttle.springboot.production.ready.features.springBootProductionReadyFeaturesDemo.entities.PostEntity
2025-01-30 01:03:18 INFO  o.h.e.t.j.p.i.JtaPlatformInitiator - HHH000489: No JTA platform available (set 'hibernate.transaction.jta.platform' to enable JTA platform integration)
2025-01-30 01:03:18 INFO  o.s.o.j.LocalContainerEntityManagerFactoryBean - Initialized JPA EntityManagerFactory for persistence unit 'default'
2025-01-30 01:03:19 WARN  o.s.b.a.o.j.JpaBaseConfiguration$JpaWebConfiguration - spring.jpa.open-in-view is enabled by default. Therefore, database queries may be performed during view rendering. Explicitly configure spring.jpa.open-in-view to disable this warning
2025-01-30 01:03:19 INFO  o.s.b.d.a.OptionalLiveReloadServer - LiveReload server is running on port 35729
2025-01-30 01:03:19 INFO  o.s.b.a.e.w.EndpointLinksResolver - Exposing 1 endpoint beneath base path '/actuator'
2025-01-30 01:03:19 INFO  o.a.c.h.Http11NioProtocol - Starting ProtocolHandler ["http-nio-8080"]
2025-01-30 01:03:19 INFO  o.s.b.w.e.t.TomcatWebServer - Tomcat started on port 8080 (http) with context path '/'
2025-01-30 01:03:19 INFO  c.c.s.p.r.f.s.SpringBootProductionReadyFeaturesDemoApplication - Started SpringBootProductionReadyFeaturesDemoApplication in 2.822 seconds (process running for 3.133)
2025-01-30 01:03:25 INFO  o.a.c.c.C.[.[.[/] - Initializing Spring DispatcherServlet 'dispatcherServlet'
2025-01-30 01:03:25 INFO  o.s.w.s.DispatcherServlet - Initializing Servlet 'dispatcherServlet'
2025-01-30 01:03:25 INFO  o.s.w.s.DispatcherServlet - Completed initialization in 3 ms
2025-01-30 01:03:52 INFO  o.s.b.w.e.t.GracefulShutdown - Commencing graceful shutdown. Waiting for active requests to complete
2025-01-30 01:03:52 INFO  o.s.b.w.e.t.GracefulShutdown - Graceful shutdown complete
2025-01-30 01:03:52 INFO  o.s.o.j.LocalContainerEntityManagerFactoryBean - Closing JPA EntityManagerFactory for persistence unit 'default'
2025-01-30 01:03:52 INFO  c.z.h.HikariDataSource - HikariPool-1 - Shutdown initiated...
2025-01-30 01:03:52 INFO  c.z.h.HikariDataSource - HikariPool-1 - Shutdown completed.
2025-01-30 01:03:57 INFO  o.h.v.i.u.Version - HV000001: Hibernate Validator 8.0.2.Final
2025-01-30 01:03:57 INFO  c.c.s.p.r.f.s.SpringBootProductionReadyFeaturesDemoApplication - Starting SpringBootProductionReadyFeaturesDemoApplication using Java 23 with PID 61606 (/Users/vishalsaxena/Desktop/Vishal/springBootTutorialsProject/springBootProductionReadyFeaturesDemo/target/classes started by vishalsaxena in /Users/vishalsaxena/Desktop/Vishal/springBootTutorialsProject/springBootProductionReadyFeaturesDemo)
2025-01-30 01:03:57 INFO  c.c.s.p.r.f.s.SpringBootProductionReadyFeaturesDemoApplication - No active profile set, falling back to 1 default profile: "default"
2025-01-30 01:03:57 INFO  o.s.b.d.e.DevToolsPropertyDefaultsPostProcessor - Devtools property defaults active! Set 'spring.devtools.add-properties' to 'false' to disable
2025-01-30 01:03:57 INFO  o.s.b.d.e.DevToolsPropertyDefaultsPostProcessor - For additional web related logging consider setting the 'logging.level.web' property to 'DEBUG'
2025-01-30 01:03:58 INFO  o.s.d.r.c.RepositoryConfigurationDelegate - Bootstrapping Spring Data JPA repositories in DEFAULT mode.
2025-01-30 01:03:58 INFO  o.s.d.r.c.RepositoryConfigurationDelegate - Finished Spring Data repository scanning in 32 ms. Found 1 JPA repository interface.
2025-01-30 01:03:59 INFO  o.s.b.w.e.t.TomcatWebServer - Tomcat initialized with port 8080 (http)
2025-01-30 01:03:59 INFO  o.a.c.h.Http11NioProtocol - Initializing ProtocolHandler ["http-nio-8080"]
2025-01-30 01:03:59 INFO  o.a.c.c.StandardService - Starting service [Tomcat]
2025-01-30 01:03:59 INFO  o.a.c.c.StandardEngine - Starting Servlet engine: [Apache Tomcat/10.1.34]
2025-01-30 01:03:59 INFO  o.a.c.c.C.[.[.[/] - Initializing Spring embedded WebApplicationContext
2025-01-30 01:03:59 INFO  o.s.b.w.s.c.ServletWebServerApplicationContext - Root WebApplicationContext: initialization completed in 1150 ms
2025-01-30 01:03:59 INFO  o.h.j.i.u.LogHelper - HHH000204: Processing PersistenceUnitInfo [name: default]
2025-01-30 01:03:59 INFO  o.h.Version - HHH000412: Hibernate ORM core version 6.6.4.Final
2025-01-30 01:03:59 INFO  o.h.c.i.RegionFactoryInitiator - HHH000026: Second-level cache disabled
2025-01-30 01:03:59 INFO  o.h.e.b.i.EnversServiceImpl - Envers integration enabled? : true
2025-01-30 01:03:59 INFO  o.s.o.j.p.SpringPersistenceUnitInfo - No LoadTimeWeaver setup: ignoring JPA class transformer
2025-01-30 01:03:59 INFO  c.z.h.HikariDataSource - HikariPool-1 - Starting...
2025-01-30 01:03:59 INFO  c.z.h.p.HikariPool - HikariPool-1 - Added connection org.postgresql.jdbc.PgConnection@6a6a859a
2025-01-30 01:03:59 INFO  c.z.h.HikariDataSource - HikariPool-1 - Start completed.
2025-01-30 01:03:59 INFO  o.h.o.c.pooling - HHH10001005: Database info:
	Database JDBC URL [Connecting through datasource 'HikariDataSource (HikariPool-1)']
	Database driver: undefined/unknown
	Database version: 14.15
	Autocommit mode: undefined/unknown
	Isolation level: undefined/unknown
	Minimum pool size: undefined/unknown
	Maximum pool size: undefined/unknown
2025-01-30 01:03:59 INFO  o.h.e.c.i.m.AuditMetadataGenerator - Adding properties for entity: com.codingshuttle.springboot.production.ready.features.springBootProductionReadyFeaturesDemo.entities.PostEntity
2025-01-30 01:04:00 INFO  o.h.e.t.j.p.i.JtaPlatformInitiator - HHH000489: No JTA platform available (set 'hibernate.transaction.jta.platform' to enable JTA platform integration)
2025-01-30 01:04:00 INFO  o.s.o.j.LocalContainerEntityManagerFactoryBean - Initialized JPA EntityManagerFactory for persistence unit 'default'
2025-01-30 01:04:00 WARN  o.s.b.a.o.j.JpaBaseConfiguration$JpaWebConfiguration - spring.jpa.open-in-view is enabled by default. Therefore, database queries may be performed during view rendering. Explicitly configure spring.jpa.open-in-view to disable this warning
2025-01-30 01:04:00 INFO  o.s.b.d.a.OptionalLiveReloadServer - LiveReload server is running on port 35729
2025-01-30 01:04:00 INFO  o.s.b.a.e.w.EndpointLinksResolver - Exposing 15 endpoints beneath base path '/actuator'
2025-01-30 01:04:01 INFO  o.a.c.h.Http11NioProtocol - Starting ProtocolHandler ["http-nio-8080"]
2025-01-30 01:04:01 INFO  o.s.b.w.e.t.TomcatWebServer - Tomcat started on port 8080 (http) with context path '/'
2025-01-30 01:04:01 INFO  c.c.s.p.r.f.s.SpringBootProductionReadyFeaturesDemoApplication - Started SpringBootProductionReadyFeaturesDemoApplication in 3.473 seconds (process running for 3.8)
2025-01-30 01:04:03 INFO  o.a.c.c.C.[.[.[/] - Initializing Spring DispatcherServlet 'dispatcherServlet'
2025-01-30 01:04:03 INFO  o.s.w.s.DispatcherServlet - Initializing Servlet 'dispatcherServlet'
2025-01-30 01:04:03 INFO  o.s.w.s.DispatcherServlet - Completed initialization in 2 ms
2025-01-30 01:07:00 INFO  o.s.b.w.e.t.GracefulShutdown - Commencing graceful shutdown. Waiting for active requests to complete
2025-01-30 01:07:00 INFO  o.s.b.w.e.t.GracefulShutdown - Graceful shutdown complete
2025-01-30 01:07:00 INFO  o.s.o.j.LocalContainerEntityManagerFactoryBean - Closing JPA EntityManagerFactory for persistence unit 'default'
2025-01-30 01:07:00 INFO  c.z.h.HikariDataSource - HikariPool-1 - Shutdown initiated...
2025-01-30 01:07:00 INFO  c.z.h.HikariDataSource - HikariPool-1 - Shutdown completed.
2025-01-30 01:07:10 INFO  o.h.v.i.u.Version - HV000001: Hibernate Validator 8.0.2.Final
2025-01-30 01:07:10 INFO  c.c.s.p.r.f.s.SpringBootProductionReadyFeaturesDemoApplication - Starting SpringBootProductionReadyFeaturesDemoApplication using Java 23 with PID 61805 (/Users/vishalsaxena/Desktop/Vishal/springBootTutorialsProject/springBootProductionReadyFeaturesDemo/target/classes started by vishalsaxena in /Users/vishalsaxena/Desktop/Vishal/springBootTutorialsProject/springBootProductionReadyFeaturesDemo)
2025-01-30 01:07:10 INFO  c.c.s.p.r.f.s.SpringBootProductionReadyFeaturesDemoApplication - No active profile set, falling back to 1 default profile: "default"
2025-01-30 01:07:10 INFO  o.s.b.d.e.DevToolsPropertyDefaultsPostProcessor - Devtools property defaults active! Set 'spring.devtools.add-properties' to 'false' to disable
2025-01-30 01:07:10 INFO  o.s.b.d.e.DevToolsPropertyDefaultsPostProcessor - For additional web related logging consider setting the 'logging.level.web' property to 'DEBUG'
2025-01-30 01:07:10 INFO  o.s.d.r.c.RepositoryConfigurationDelegate - Bootstrapping Spring Data JPA repositories in DEFAULT mode.
2025-01-30 01:07:10 INFO  o.s.d.r.c.RepositoryConfigurationDelegate - Finished Spring Data repository scanning in 23 ms. Found 1 JPA repository interface.
2025-01-30 01:07:11 INFO  o.s.b.w.e.t.TomcatWebServer - Tomcat initialized with port 8080 (http)
2025-01-30 01:07:11 INFO  o.a.c.h.Http11NioProtocol - Initializing ProtocolHandler ["http-nio-8080"]
2025-01-30 01:07:11 INFO  o.a.c.c.StandardService - Starting service [Tomcat]
2025-01-30 01:07:11 INFO  o.a.c.c.StandardEngine - Starting Servlet engine: [Apache Tomcat/10.1.34]
2025-01-30 01:07:11 INFO  o.a.c.c.C.[.[.[/] - Initializing Spring embedded WebApplicationContext
2025-01-30 01:07:11 INFO  o.s.b.w.s.c.ServletWebServerApplicationContext - Root WebApplicationContext: initialization completed in 1009 ms
2025-01-30 01:07:11 INFO  o.h.j.i.u.LogHelper - HHH000204: Processing PersistenceUnitInfo [name: default]
2025-01-30 01:07:11 INFO  o.h.Version - HHH000412: Hibernate ORM core version 6.6.4.Final
2025-01-30 01:07:11 INFO  o.h.c.i.RegionFactoryInitiator - HHH000026: Second-level cache disabled
2025-01-30 01:07:11 INFO  o.h.e.b.i.EnversServiceImpl - Envers integration enabled? : true
2025-01-30 01:07:11 INFO  o.s.o.j.p.SpringPersistenceUnitInfo - No LoadTimeWeaver setup: ignoring JPA class transformer
2025-01-30 01:07:11 INFO  c.z.h.HikariDataSource - HikariPool-1 - Starting...
2025-01-30 01:07:11 INFO  c.z.h.p.HikariPool - HikariPool-1 - Added connection org.postgresql.jdbc.PgConnection@50778360
2025-01-30 01:07:11 INFO  c.z.h.HikariDataSource - HikariPool-1 - Start completed.
2025-01-30 01:07:11 INFO  o.h.o.c.pooling - HHH10001005: Database info:
	Database JDBC URL [Connecting through datasource 'HikariDataSource (HikariPool-1)']
	Database driver: undefined/unknown
	Database version: 14.15
	Autocommit mode: undefined/unknown
	Isolation level: undefined/unknown
	Minimum pool size: undefined/unknown
	Maximum pool size: undefined/unknown
2025-01-30 01:07:11 INFO  o.h.e.c.i.m.AuditMetadataGenerator - Adding properties for entity: com.codingshuttle.springboot.production.ready.features.springBootProductionReadyFeaturesDemo.entities.PostEntity
2025-01-30 01:07:12 INFO  o.h.e.t.j.p.i.JtaPlatformInitiator - HHH000489: No JTA platform available (set 'hibernate.transaction.jta.platform' to enable JTA platform integration)
2025-01-30 01:07:12 INFO  o.s.o.j.LocalContainerEntityManagerFactoryBean - Initialized JPA EntityManagerFactory for persistence unit 'default'
2025-01-30 01:07:12 WARN  o.s.b.a.o.j.JpaBaseConfiguration$JpaWebConfiguration - spring.jpa.open-in-view is enabled by default. Therefore, database queries may be performed during view rendering. Explicitly configure spring.jpa.open-in-view to disable this warning
2025-01-30 01:07:13 INFO  o.s.b.d.a.OptionalLiveReloadServer - LiveReload server is running on port 35729
2025-01-30 01:07:13 INFO  o.s.b.a.e.w.EndpointLinksResolver - Exposing 15 endpoints beneath base path '/actuator'
2025-01-30 01:07:13 INFO  o.a.c.h.Http11NioProtocol - Starting ProtocolHandler ["http-nio-8080"]
2025-01-30 01:07:13 INFO  o.s.b.w.e.t.TomcatWebServer - Tomcat started on port 8080 (http) with context path '/'
2025-01-30 01:07:13 INFO  c.c.s.p.r.f.s.SpringBootProductionReadyFeaturesDemoApplication - Started SpringBootProductionReadyFeaturesDemoApplication in 3.198 seconds (process running for 3.587)
2025-01-30 01:07:18 INFO  o.a.c.c.C.[.[.[/] - Initializing Spring DispatcherServlet 'dispatcherServlet'
2025-01-30 01:07:18 INFO  o.s.w.s.DispatcherServlet - Initializing Servlet 'dispatcherServlet'
2025-01-30 01:07:18 INFO  o.s.w.s.DispatcherServlet - Completed initialization in 3 ms
2025-01-30 01:08:12 INFO  o.s.b.w.e.t.GracefulShutdown - Commencing graceful shutdown. Waiting for active requests to complete
2025-01-30 01:08:12 INFO  o.s.b.w.e.t.GracefulShutdown - Graceful shutdown complete
2025-01-30 01:08:12 INFO  o.s.o.j.LocalContainerEntityManagerFactoryBean - Closing JPA EntityManagerFactory for persistence unit 'default'
2025-01-30 01:08:12 INFO  c.z.h.HikariDataSource - HikariPool-1 - Shutdown initiated...
2025-01-30 01:08:12 INFO  c.z.h.HikariDataSource - HikariPool-1 - Shutdown completed.
2025-01-30 01:08:13 INFO  o.h.v.i.u.Version - HV000001: Hibernate Validator 8.0.2.Final
2025-01-30 01:08:13 INFO  c.c.s.p.r.f.s.SpringBootProductionReadyFeaturesDemoApplication - Starting SpringBootProductionReadyFeaturesDemoApplication using Java 23 with PID 61849 (/Users/vishalsaxena/Desktop/Vishal/springBootTutorialsProject/springBootProductionReadyFeaturesDemo/target/classes started by vishalsaxena in /Users/vishalsaxena/Desktop/Vishal/springBootTutorialsProject/springBootProductionReadyFeaturesDemo)
2025-01-30 01:08:13 INFO  c.c.s.p.r.f.s.SpringBootProductionReadyFeaturesDemoApplication - No active profile set, falling back to 1 default profile: "default"
2025-01-30 01:08:13 INFO  o.s.b.d.e.DevToolsPropertyDefaultsPostProcessor - Devtools property defaults active! Set 'spring.devtools.add-properties' to 'false' to disable
2025-01-30 01:08:13 INFO  o.s.b.d.e.DevToolsPropertyDefaultsPostProcessor - For additional web related logging consider setting the 'logging.level.web' property to 'DEBUG'
2025-01-30 01:08:14 INFO  o.s.d.r.c.RepositoryConfigurationDelegate - Bootstrapping Spring Data JPA repositories in DEFAULT mode.
2025-01-30 01:08:14 INFO  o.s.d.r.c.RepositoryConfigurationDelegate - Finished Spring Data repository scanning in 24 ms. Found 1 JPA repository interface.
2025-01-30 01:08:14 INFO  o.s.b.w.e.t.TomcatWebServer - Tomcat initialized with port 8080 (http)
2025-01-30 01:08:14 INFO  o.a.c.h.Http11NioProtocol - Initializing ProtocolHandler ["http-nio-8080"]
2025-01-30 01:08:14 INFO  o.a.c.c.StandardService - Starting service [Tomcat]
2025-01-30 01:08:14 INFO  o.a.c.c.StandardEngine - Starting Servlet engine: [Apache Tomcat/10.1.34]
2025-01-30 01:08:14 INFO  o.a.c.c.C.[.[.[/] - Initializing Spring embedded WebApplicationContext
2025-01-30 01:08:14 INFO  o.s.b.w.s.c.ServletWebServerApplicationContext - Root WebApplicationContext: initialization completed in 947 ms
2025-01-30 01:08:14 INFO  o.h.j.i.u.LogHelper - HHH000204: Processing PersistenceUnitInfo [name: default]
2025-01-30 01:08:14 INFO  o.h.Version - HHH000412: Hibernate ORM core version 6.6.4.Final
2025-01-30 01:08:14 INFO  o.h.c.i.RegionFactoryInitiator - HHH000026: Second-level cache disabled
2025-01-30 01:08:14 INFO  o.h.e.b.i.EnversServiceImpl - Envers integration enabled? : true
2025-01-30 01:08:14 INFO  o.s.o.j.p.SpringPersistenceUnitInfo - No LoadTimeWeaver setup: ignoring JPA class transformer
2025-01-30 01:08:15 INFO  c.z.h.HikariDataSource - HikariPool-1 - Starting...
2025-01-30 01:08:15 INFO  c.z.h.p.HikariPool - HikariPool-1 - Added connection org.postgresql.jdbc.PgConnection@5d1ed03d
2025-01-30 01:08:15 INFO  c.z.h.HikariDataSource - HikariPool-1 - Start completed.
2025-01-30 01:08:15 INFO  o.h.o.c.pooling - HHH10001005: Database info:
	Database JDBC URL [Connecting through datasource 'HikariDataSource (HikariPool-1)']
	Database driver: undefined/unknown
	Database version: 14.15
	Autocommit mode: undefined/unknown
	Isolation level: undefined/unknown
	Minimum pool size: undefined/unknown
	Maximum pool size: undefined/unknown
2025-01-30 01:08:15 INFO  o.h.e.c.i.m.AuditMetadataGenerator - Adding properties for entity: com.codingshuttle.springboot.production.ready.features.springBootProductionReadyFeaturesDemo.entities.PostEntity
2025-01-30 01:08:15 INFO  o.h.e.t.j.p.i.JtaPlatformInitiator - HHH000489: No JTA platform available (set 'hibernate.transaction.jta.platform' to enable JTA platform integration)
2025-01-30 01:08:15 INFO  o.s.o.j.LocalContainerEntityManagerFactoryBean - Initialized JPA EntityManagerFactory for persistence unit 'default'
2025-01-30 01:08:15 WARN  o.s.b.a.o.j.JpaBaseConfiguration$JpaWebConfiguration - spring.jpa.open-in-view is enabled by default. Therefore, database queries may be performed during view rendering. Explicitly configure spring.jpa.open-in-view to disable this warning
2025-01-30 01:08:16 INFO  o.s.b.d.a.OptionalLiveReloadServer - LiveReload server is running on port 35729
2025-01-30 01:08:16 INFO  o.s.b.a.e.w.EndpointLinksResolver - Exposing 15 endpoints beneath base path '/actuator'
2025-01-30 01:08:16 INFO  o.a.c.h.Http11NioProtocol - Starting ProtocolHandler ["http-nio-8080"]
2025-01-30 01:08:16 INFO  o.s.b.w.e.t.TomcatWebServer - Tomcat started on port 8080 (http) with context path '/'
2025-01-30 01:08:16 INFO  c.c.s.p.r.f.s.SpringBootProductionReadyFeaturesDemoApplication - Started SpringBootProductionReadyFeaturesDemoApplication in 3.08 seconds (process running for 3.518)
2025-01-30 01:08:23 INFO  o.a.c.c.C.[.[.[/] - Initializing Spring DispatcherServlet 'dispatcherServlet'
2025-01-30 01:08:23 INFO  o.s.w.s.DispatcherServlet - Initializing Servlet 'dispatcherServlet'
2025-01-30 01:08:23 INFO  o.s.w.s.DispatcherServlet - Completed initialization in 6 ms
2025-01-30 01:12:16 INFO  o.s.b.w.e.t.GracefulShutdown - Commencing graceful shutdown. Waiting for active requests to complete
2025-01-30 01:12:16 INFO  o.s.b.w.e.t.GracefulShutdown - Graceful shutdown complete
2025-01-30 01:12:16 INFO  o.s.o.j.LocalContainerEntityManagerFactoryBean - Closing JPA EntityManagerFactory for persistence unit 'default'
2025-01-30 01:12:16 INFO  c.z.h.HikariDataSource - HikariPool-1 - Shutdown initiated...
2025-01-30 01:12:16 INFO  c.z.h.HikariDataSource - HikariPool-1 - Shutdown completed.
2025-01-30 01:12:21 INFO  o.h.v.i.u.Version - HV000001: Hibernate Validator 8.0.2.Final
2025-01-30 01:12:21 INFO  c.c.s.p.r.f.s.SpringBootProductionReadyFeaturesDemoApplication - Starting SpringBootProductionReadyFeaturesDemoApplication using Java 23 with PID 61937 (/Users/vishalsaxena/Desktop/Vishal/springBootTutorialsProject/springBootProductionReadyFeaturesDemo/target/classes started by vishalsaxena in /Users/vishalsaxena/Desktop/Vishal/springBootTutorialsProject/springBootProductionReadyFeaturesDemo)
2025-01-30 01:12:21 INFO  c.c.s.p.r.f.s.SpringBootProductionReadyFeaturesDemoApplication - No active profile set, falling back to 1 default profile: "default"
2025-01-30 01:12:21 INFO  o.s.b.d.e.DevToolsPropertyDefaultsPostProcessor - Devtools property defaults active! Set 'spring.devtools.add-properties' to 'false' to disable
2025-01-30 01:12:21 INFO  o.s.b.d.e.DevToolsPropertyDefaultsPostProcessor - For additional web related logging consider setting the 'logging.level.web' property to 'DEBUG'
2025-01-30 01:12:22 INFO  o.s.d.r.c.RepositoryConfigurationDelegate - Bootstrapping Spring Data JPA repositories in DEFAULT mode.
2025-01-30 01:12:22 INFO  o.s.d.r.c.RepositoryConfigurationDelegate - Finished Spring Data repository scanning in 25 ms. Found 1 JPA repository interface.
2025-01-30 01:12:22 INFO  o.s.b.w.e.t.TomcatWebServer - Tomcat initialized with port 8080 (http)
2025-01-30 01:12:22 INFO  o.a.c.h.Http11NioProtocol - Initializing ProtocolHandler ["http-nio-8080"]
2025-01-30 01:12:22 INFO  o.a.c.c.StandardService - Starting service [Tomcat]
2025-01-30 01:12:22 INFO  o.a.c.c.StandardEngine - Starting Servlet engine: [Apache Tomcat/10.1.34]
2025-01-30 01:12:22 INFO  o.a.c.c.C.[.[.[/] - Initializing Spring embedded WebApplicationContext
2025-01-30 01:12:22 INFO  o.s.b.w.s.c.ServletWebServerApplicationContext - Root WebApplicationContext: initialization completed in 993 ms
2025-01-30 01:12:22 INFO  o.h.j.i.u.LogHelper - HHH000204: Processing PersistenceUnitInfo [name: default]
2025-01-30 01:12:22 INFO  o.h.Version - HHH000412: Hibernate ORM core version 6.6.4.Final
2025-01-30 01:12:22 INFO  o.h.c.i.RegionFactoryInitiator - HHH000026: Second-level cache disabled
2025-01-30 01:12:23 INFO  o.h.e.b.i.EnversServiceImpl - Envers integration enabled? : true
2025-01-30 01:12:23 INFO  o.s.o.j.p.SpringPersistenceUnitInfo - No LoadTimeWeaver setup: ignoring JPA class transformer
2025-01-30 01:12:23 INFO  c.z.h.HikariDataSource - HikariPool-1 - Starting...
2025-01-30 01:12:23 INFO  c.z.h.p.HikariPool - HikariPool-1 - Added connection org.postgresql.jdbc.PgConnection@2e4e9f1d
2025-01-30 01:12:23 INFO  c.z.h.HikariDataSource - HikariPool-1 - Start completed.
2025-01-30 01:12:23 INFO  o.h.o.c.pooling - HHH10001005: Database info:
	Database JDBC URL [Connecting through datasource 'HikariDataSource (HikariPool-1)']
	Database driver: undefined/unknown
	Database version: 14.15
	Autocommit mode: undefined/unknown
	Isolation level: undefined/unknown
	Minimum pool size: undefined/unknown
	Maximum pool size: undefined/unknown
2025-01-30 01:12:23 INFO  o.h.e.c.i.m.AuditMetadataGenerator - Adding properties for entity: com.codingshuttle.springboot.production.ready.features.springBootProductionReadyFeaturesDemo.entities.PostEntity
2025-01-30 01:12:23 INFO  o.h.e.t.j.p.i.JtaPlatformInitiator - HHH000489: No JTA platform available (set 'hibernate.transaction.jta.platform' to enable JTA platform integration)
2025-01-30 01:12:23 INFO  o.s.o.j.LocalContainerEntityManagerFactoryBean - Initialized JPA EntityManagerFactory for persistence unit 'default'
2025-01-30 01:12:24 WARN  o.s.b.a.o.j.JpaBaseConfiguration$JpaWebConfiguration - spring.jpa.open-in-view is enabled by default. Therefore, database queries may be performed during view rendering. Explicitly configure spring.jpa.open-in-view to disable this warning
2025-01-30 01:12:24 INFO  o.s.b.d.a.OptionalLiveReloadServer - LiveReload server is running on port 35729
2025-01-30 01:12:24 INFO  o.s.b.a.e.w.EndpointLinksResolver - Exposing 15 endpoints beneath base path '/actuator'
2025-01-30 01:12:24 INFO  o.a.c.h.Http11NioProtocol - Starting ProtocolHandler ["http-nio-8080"]
2025-01-30 01:12:24 INFO  o.s.b.w.e.t.TomcatWebServer - Tomcat started on port 8080 (http) with context path '/'
2025-01-30 01:12:24 INFO  c.c.s.p.r.f.s.SpringBootProductionReadyFeaturesDemoApplication - Started SpringBootProductionReadyFeaturesDemoApplication in 3.267 seconds (process running for 3.572)
2025-01-30 01:12:32 INFO  o.a.c.c.C.[.[.[/] - Initializing Spring DispatcherServlet 'dispatcherServlet'
2025-01-30 01:12:32 INFO  o.s.w.s.DispatcherServlet - Initializing Servlet 'dispatcherServlet'
2025-01-30 01:12:32 INFO  o.s.w.s.DispatcherServlet - Completed initialization in 3 ms
2025-01-30 01:13:23 INFO  o.s.b.w.e.t.GracefulShutdown - Commencing graceful shutdown. Waiting for active requests to complete
2025-01-30 01:13:23 INFO  o.s.b.w.e.t.GracefulShutdown - Graceful shutdown complete
2025-01-30 01:13:23 INFO  o.s.o.j.LocalContainerEntityManagerFactoryBean - Closing JPA EntityManagerFactory for persistence unit 'default'
2025-01-30 01:13:23 INFO  c.z.h.HikariDataSource - HikariPool-1 - Shutdown initiated...
2025-01-30 01:13:23 INFO  c.z.h.HikariDataSource - HikariPool-1 - Shutdown completed.
2025-01-30 01:13:27 INFO  o.h.v.i.u.Version - HV000001: Hibernate Validator 8.0.2.Final
2025-01-30 01:13:27 INFO  c.c.s.p.r.f.s.SpringBootProductionReadyFeaturesDemoApplication - Starting SpringBootProductionReadyFeaturesDemoApplication using Java 23 with PID 61983 (/Users/vishalsaxena/Desktop/Vishal/springBootTutorialsProject/springBootProductionReadyFeaturesDemo/target/classes started by vishalsaxena in /Users/vishalsaxena/Desktop/Vishal/springBootTutorialsProject/springBootProductionReadyFeaturesDemo)
2025-01-30 01:13:27 INFO  c.c.s.p.r.f.s.SpringBootProductionReadyFeaturesDemoApplication - No active profile set, falling back to 1 default profile: "default"
2025-01-30 01:13:27 INFO  o.s.b.d.e.DevToolsPropertyDefaultsPostProcessor - Devtools property defaults active! Set 'spring.devtools.add-properties' to 'false' to disable
2025-01-30 01:13:27 INFO  o.s.b.d.e.DevToolsPropertyDefaultsPostProcessor - For additional web related logging consider setting the 'logging.level.web' property to 'DEBUG'
2025-01-30 01:13:28 INFO  o.s.d.r.c.RepositoryConfigurationDelegate - Bootstrapping Spring Data JPA repositories in DEFAULT mode.
2025-01-30 01:13:28 INFO  o.s.d.r.c.RepositoryConfigurationDelegate - Finished Spring Data repository scanning in 23 ms. Found 1 JPA repository interface.
2025-01-30 01:13:28 INFO  o.s.b.w.e.t.TomcatWebServer - Tomcat initialized with port 8080 (http)
2025-01-30 01:13:28 INFO  o.a.c.h.Http11NioProtocol - Initializing ProtocolHandler ["http-nio-8080"]
2025-01-30 01:13:28 INFO  o.a.c.c.StandardService - Starting service [Tomcat]
2025-01-30 01:13:28 INFO  o.a.c.c.StandardEngine - Starting Servlet engine: [Apache Tomcat/10.1.34]
2025-01-30 01:13:28 INFO  o.a.c.c.C.[.[.[/] - Initializing Spring embedded WebApplicationContext
2025-01-30 01:13:28 INFO  o.s.b.w.s.c.ServletWebServerApplicationContext - Root WebApplicationContext: initialization completed in 966 ms
2025-01-30 01:13:28 INFO  o.h.j.i.u.LogHelper - HHH000204: Processing PersistenceUnitInfo [name: default]
2025-01-30 01:13:29 INFO  o.h.Version - HHH000412: Hibernate ORM core version 6.6.4.Final
2025-01-30 01:13:29 INFO  o.h.c.i.RegionFactoryInitiator - HHH000026: Second-level cache disabled
2025-01-30 01:13:29 INFO  o.h.e.b.i.EnversServiceImpl - Envers integration enabled? : true
2025-01-30 01:13:29 INFO  o.s.o.j.p.SpringPersistenceUnitInfo - No LoadTimeWeaver setup: ignoring JPA class transformer
2025-01-30 01:13:29 INFO  c.z.h.HikariDataSource - HikariPool-1 - Starting...
2025-01-30 01:13:29 INFO  c.z.h.p.HikariPool - HikariPool-1 - Added connection org.postgresql.jdbc.PgConnection@72fafb24
2025-01-30 01:13:29 INFO  c.z.h.HikariDataSource - HikariPool-1 - Start completed.
2025-01-30 01:13:29 INFO  o.h.o.c.pooling - HHH10001005: Database info:
	Database JDBC URL [Connecting through datasource 'HikariDataSource (HikariPool-1)']
	Database driver: undefined/unknown
	Database version: 14.15
	Autocommit mode: undefined/unknown
	Isolation level: undefined/unknown
	Minimum pool size: undefined/unknown
	Maximum pool size: undefined/unknown
2025-01-30 01:13:29 INFO  o.h.e.c.i.m.AuditMetadataGenerator - Adding properties for entity: com.codingshuttle.springboot.production.ready.features.springBootProductionReadyFeaturesDemo.entities.PostEntity
2025-01-30 01:13:29 INFO  o.h.e.t.j.p.i.JtaPlatformInitiator - HHH000489: No JTA platform available (set 'hibernate.transaction.jta.platform' to enable JTA platform integration)
2025-01-30 01:13:29 INFO  o.s.o.j.LocalContainerEntityManagerFactoryBean - Initialized JPA EntityManagerFactory for persistence unit 'default'
2025-01-30 01:13:30 WARN  o.s.b.a.o.j.JpaBaseConfiguration$JpaWebConfiguration - spring.jpa.open-in-view is enabled by default. Therefore, database queries may be performed during view rendering. Explicitly configure spring.jpa.open-in-view to disable this warning
2025-01-30 01:13:30 INFO  o.s.b.d.a.OptionalLiveReloadServer - LiveReload server is running on port 35729
2025-01-30 01:13:30 INFO  o.s.b.a.e.w.EndpointLinksResolver - Exposing 15 endpoints beneath base path '/management'
2025-01-30 01:13:30 INFO  o.a.c.h.Http11NioProtocol - Starting ProtocolHandler ["http-nio-8080"]
2025-01-30 01:13:30 INFO  o.s.b.w.e.t.TomcatWebServer - Tomcat started on port 8080 (http) with context path '/'
2025-01-30 01:13:30 INFO  c.c.s.p.r.f.s.SpringBootProductionReadyFeaturesDemoApplication - Started SpringBootProductionReadyFeaturesDemoApplication in 2.996 seconds (process running for 3.31)
2025-01-30 01:13:35 INFO  o.a.c.c.C.[.[.[/] - Initializing Spring DispatcherServlet 'dispatcherServlet'
2025-01-30 01:13:35 INFO  o.s.w.s.DispatcherServlet - Initializing Servlet 'dispatcherServlet'
2025-01-30 01:13:35 INFO  o.s.w.s.DispatcherServlet - Completed initialization in 2 ms
2025-01-30 01:14:43 INFO  o.s.b.w.e.t.GracefulShutdown - Commencing graceful shutdown. Waiting for active requests to complete
2025-01-30 01:14:43 INFO  o.s.b.w.e.t.GracefulShutdown - Graceful shutdown complete
2025-01-30 01:14:43 INFO  o.s.o.j.LocalContainerEntityManagerFactoryBean - Closing JPA EntityManagerFactory for persistence unit 'default'
2025-01-30 01:14:43 INFO  c.z.h.HikariDataSource - HikariPool-1 - Shutdown initiated...
2025-01-30 01:14:43 INFO  c.z.h.HikariDataSource - HikariPool-1 - Shutdown completed.
2025-01-30 01:16:57 INFO  o.h.v.i.u.Version - HV000001: Hibernate Validator 8.0.2.Final
2025-01-30 01:16:57 INFO  c.c.s.p.r.f.s.SpringBootProductionReadyFeaturesDemoApplication - Starting SpringBootProductionReadyFeaturesDemoApplication using Java 23 with PID 62082 (/Users/vishalsaxena/Desktop/Vishal/springBootTutorialsProject/springBootProductionReadyFeaturesDemo/target/classes started by vishalsaxena in /Users/vishalsaxena/Desktop/Vishal/springBootTutorialsProject/springBootProductionReadyFeaturesDemo)
2025-01-30 01:16:57 INFO  c.c.s.p.r.f.s.SpringBootProductionReadyFeaturesDemoApplication - No active profile set, falling back to 1 default profile: "default"
2025-01-30 01:16:57 INFO  o.s.b.d.e.DevToolsPropertyDefaultsPostProcessor - Devtools property defaults active! Set 'spring.devtools.add-properties' to 'false' to disable
2025-01-30 01:16:57 INFO  o.s.b.d.e.DevToolsPropertyDefaultsPostProcessor - For additional web related logging consider setting the 'logging.level.web' property to 'DEBUG'
2025-01-30 01:16:58 INFO  o.s.d.r.c.RepositoryConfigurationDelegate - Bootstrapping Spring Data JPA repositories in DEFAULT mode.
2025-01-30 01:16:58 INFO  o.s.d.r.c.RepositoryConfigurationDelegate - Finished Spring Data repository scanning in 30 ms. Found 1 JPA repository interface.
2025-01-30 01:16:58 INFO  o.s.b.w.e.t.TomcatWebServer - Tomcat initialized with port 8080 (http)
2025-01-30 01:16:58 INFO  o.a.c.h.Http11NioProtocol - Initializing ProtocolHandler ["http-nio-8080"]
2025-01-30 01:16:58 INFO  o.a.c.c.StandardService - Starting service [Tomcat]
2025-01-30 01:16:58 INFO  o.a.c.c.StandardEngine - Starting Servlet engine: [Apache Tomcat/10.1.34]
2025-01-30 01:16:58 INFO  o.a.c.c.C.[.[.[/] - Initializing Spring embedded WebApplicationContext
2025-01-30 01:16:58 INFO  o.s.b.w.s.c.ServletWebServerApplicationContext - Root WebApplicationContext: initialization completed in 1186 ms
2025-01-30 01:16:59 INFO  o.h.j.i.u.LogHelper - HHH000204: Processing PersistenceUnitInfo [name: default]
2025-01-30 01:16:59 INFO  o.h.Version - HHH000412: Hibernate ORM core version 6.6.4.Final
2025-01-30 01:16:59 INFO  o.h.c.i.RegionFactoryInitiator - HHH000026: Second-level cache disabled
2025-01-30 01:16:59 INFO  o.h.e.b.i.EnversServiceImpl - Envers integration enabled? : true
2025-01-30 01:16:59 INFO  o.s.o.j.p.SpringPersistenceUnitInfo - No LoadTimeWeaver setup: ignoring JPA class transformer
2025-01-30 01:16:59 INFO  c.z.h.HikariDataSource - HikariPool-1 - Starting...
2025-01-30 01:16:59 INFO  c.z.h.p.HikariPool - HikariPool-1 - Added connection org.postgresql.jdbc.PgConnection@643b2326
2025-01-30 01:16:59 INFO  c.z.h.HikariDataSource - HikariPool-1 - Start completed.
2025-01-30 01:16:59 INFO  o.h.o.c.pooling - HHH10001005: Database info:
	Database JDBC URL [Connecting through datasource 'HikariDataSource (HikariPool-1)']
	Database driver: undefined/unknown
	Database version: 14.15
	Autocommit mode: undefined/unknown
	Isolation level: undefined/unknown
	Minimum pool size: undefined/unknown
	Maximum pool size: undefined/unknown
2025-01-30 01:16:59 INFO  o.h.e.c.i.m.AuditMetadataGenerator - Adding properties for entity: com.codingshuttle.springboot.production.ready.features.springBootProductionReadyFeaturesDemo.entities.PostEntity
2025-01-30 01:16:59 INFO  o.h.e.t.j.p.i.JtaPlatformInitiator - HHH000489: No JTA platform available (set 'hibernate.transaction.jta.platform' to enable JTA platform integration)
2025-01-30 01:16:59 INFO  o.s.o.j.LocalContainerEntityManagerFactoryBean - Initialized JPA EntityManagerFactory for persistence unit 'default'
2025-01-30 01:17:00 WARN  o.s.b.a.o.j.JpaBaseConfiguration$JpaWebConfiguration - spring.jpa.open-in-view is enabled by default. Therefore, database queries may be performed during view rendering. Explicitly configure spring.jpa.open-in-view to disable this warning
2025-01-30 01:17:00 INFO  o.s.b.d.a.OptionalLiveReloadServer - LiveReload server is running on port 35729
2025-01-30 01:17:00 INFO  o.s.b.a.e.w.EndpointLinksResolver - Exposing 15 endpoints beneath base path '/management '
2025-01-30 01:17:00 INFO  o.a.c.h.Http11NioProtocol - Starting ProtocolHandler ["http-nio-8080"]
2025-01-30 01:17:00 INFO  o.s.b.w.e.t.TomcatWebServer - Tomcat started on port 8080 (http) with context path '/'
2025-01-30 01:17:00 INFO  c.c.s.p.r.f.s.SpringBootProductionReadyFeaturesDemoApplication - Started SpringBootProductionReadyFeaturesDemoApplication in 3.577 seconds (process running for 3.936)
2025-01-30 01:17:17 INFO  o.a.c.c.C.[.[.[/] - Initializing Spring DispatcherServlet 'dispatcherServlet'
2025-01-30 01:17:17 INFO  o.s.w.s.DispatcherServlet - Initializing Servlet 'dispatcherServlet'
2025-01-30 01:17:17 INFO  o.s.w.s.DispatcherServlet - Completed initialization in 3 ms
2025-01-30 01:17:22 INFO  o.s.a.AbstractOpenApiResource - Init duration for springdoc-openapi is: 154 ms
2025-01-30 01:18:14 WARN  o.s.w.s.m.m.a.ExceptionHandlerExceptionResolver - Resolved [com.codingshuttle.springboot.production.ready.features.springBootProductionReadyFeaturesDemo.exceptions.ResourceNotFoundException: Post not found with this Id 1]
2025-01-30 01:21:22 INFO  o.s.b.w.e.t.GracefulShutdown - Commencing graceful shutdown. Waiting for active requests to complete
2025-01-30 01:21:22 INFO  o.s.b.w.e.t.GracefulShutdown - Graceful shutdown complete
2025-01-30 01:21:22 INFO  o.s.o.j.LocalContainerEntityManagerFactoryBean - Closing JPA EntityManagerFactory for persistence unit 'default'
2025-01-30 01:21:22 INFO  c.z.h.HikariDataSource - HikariPool-1 - Shutdown initiated...
2025-01-30 01:21:22 INFO  c.z.h.HikariDataSource - HikariPool-1 - Shutdown completed.
